1| /**
2|  * Project: ThinkingInJAVA
3|  * 
4|  * File Created at 2011-6-8
5|  * $Id$
6|  * 
7|  * Copyright 1999-2100 Alibaba.com Corporation Limited.
8|  * All rights reserved.
9|  *
10|  * This software is the confidential and proprietary information of
11|  * Alibaba Company. ("Confidential Information").  You shall not
12|  * disclose such Confidential Information and shall use it only in
13|  * accordance with the terms of the license agreement you entered into
14|  * with Alibaba.com.
15|  */
16| package io;
17| 
18| import java.io.BufferedReader;
19| import java.io.BufferedWriter;
20| import java.io.FileReader;
21| import java.io.FileWriter;
22| import java.io.IOException;
23| 
24| /**
25|  * @author liubida
26|  */
27| public class BasicFileOutput {
28|     static String file = "./src/io/BasicFileOutput.out";
29| 
30|     public static void main(String[] args) throws IOException {
31|         BufferedReader in = new BufferedReader(new FileReader("./src/io/BasicFileOutput.java"));
32|         BufferedWriter out = new BufferedWriter(new FileWriter(file));
33|         int lineCount = 1;
34|         String s;
35|         while (null != (s = in.readLine())) {
36|             out.write(lineCount++ +"| ");
37|             out.write(s);
38|             out.newLine();
39|         }
40|         out.close();
41|         in.close();
42|         System.out.println(BufferedInputFile.read(file));
43|     }
44| }
